[0m10:30:51.360522 [debug] [MainThread]: Sending event: {'category': 'dbt', 'action': 'invocation', 'label': 'start', 'context': [<snowplow_tracker.self_describing_json.SelfDescribingJson object at 0x00000262E3578EF0>, <snowplow_tracker.self_describing_json.SelfDescribingJson object at 0x00000262E3578D10>, <snowplow_tracker.self_describing_json.SelfDescribingJson object at 0x00000262E3578CB0>]}


============================== 10:30:51.367520 | b43f5f89-4c35-40f2-9642-fedecb32039c ==============================
[0m10:30:51.367520 [info ] [MainThread]: Running with dbt=1.6.0
[0m10:30:51.369521 [debug] [MainThread]: running dbt with arguments {'printer_width': '80', 'indirect_selection': 'eager', 'write_json': 'True', 'log_cache_events': 'False', 'partial_parse': 'True', 'cache_selected_only': 'False', 'profiles_dir': 'C:\\Users\\Admin\\.dbt', 'debug': 'False', 'warn_error': 'None', 'log_path': 'logs', 'fail_fast': 'False', 'version_check': 'True', 'use_colors': 'True', 'use_experimental_parser': 'False', 'no_print': 'None', 'quiet': 'False', 'warn_error_options': 'WarnErrorOptions(include=[], exclude=[])', 'introspect': 'True', 'invocation_command': 'dbt init dbt_test', 'log_format': 'default', 'target_path': 'None', 'static_parser': 'True', 'send_anonymous_usage_stats': 'True'}
[0m10:30:51.370525 [warn ] [MainThread]: [ConfigFolderDirectory]: Unable to parse dict {'dir': WindowsPath('C:/Users/Admin/.dbt')}
[0m10:30:51.371556 [info ] [MainThread]: Creating dbt configuration folder at 
[0m10:30:51.374524 [debug] [MainThread]: Starter project path: C:\Users\Admin\AppData\Local\Programs\Python\Python312\Lib\site-packages\dbt\include\starter_project
[0m10:30:51.389554 [info ] [MainThread]: 
Your new dbt project "dbt_test" was created!

For more information on how to configure the profiles.yml file,
please consult the dbt documentation here:

  https://docs.getdbt.com/docs/configure-your-profile

One more thing:

Need help? Don't hesitate to reach out to us via GitHub issues or on Slack:

  https://community.getdbt.com/

Happy modeling!

[0m10:30:51.393524 [info ] [MainThread]: Setting up your profile.
[0m10:31:05.140058 [info ] [MainThread]: Profile dbt_test written to C:\Users\Admin\.dbt\profiles.yml using target's sample configuration. Once updated, you'll be able to start developing with dbt.
[0m10:31:05.141774 [debug] [MainThread]: Command `dbt init` succeeded at 10:31:05.141774 after 13.82 seconds
[0m10:31:05.142364 [debug] [MainThread]: Sending event: {'category': 'dbt', 'action': 'invocation', 'label': 'end', 'context': [<snowplow_tracker.self_describing_json.SelfDescribingJson object at 0x00000262E2904FE0>, <snowplow_tracker.self_describing_json.SelfDescribingJson object at 0x00000262E3114170>, <snowplow_tracker.self_describing_json.SelfDescribingJson object at 0x00000262E12D7650>]}
[0m10:31:05.142950 [debug] [MainThread]: Flushing usage events
